<?xml version="1.0" encoding="UTF-8"?>
<testng-results ignored="0" total="1" passed="1" failed="0" skipped="0">
  <reporter-output>
  </reporter-output>
  <suite started-at="2020-09-04T17:04:03 IST" name="Default suite" finished-at="2020-09-04T17:04:19 IST" duration-ms="15361">
    <groups>
    </groups>
    <test started-at="2020-09-04T17:04:03 IST" name="Default test" finished-at="2020-09-04T17:04:19 IST" duration-ms="15361">
      <class name="LoginPage">
        <test-method is-config="true" signature="setUp()[pri:0, instance:LoginPage@7ec7ffd3]" started-at="2020-09-04T17:04:03 IST" name="setUp" finished-at="2020-09-04T17:04:18 IST" duration-ms="14353" status="PASS">
          <reporter-output>
          </reporter-output>
        </test-method> <!-- setUp -->
        <test-method signature="LoginPage1()[pri:1, instance:LoginPage@7ec7ffd3]" started-at="2020-09-04T17:04:18 IST" name="LoginPage1" finished-at="2020-09-04T17:04:18 IST" duration-ms="42" status="PASS">
          <reporter-output>
          </reporter-output>
        </test-method> <!-- LoginPage1 -->
        <test-method is-config="true" signature="TearDown()[pri:0, instance:LoginPage@7ec7ffd3]" started-at="2020-09-04T17:04:18 IST" name="TearDown" finished-at="2020-09-04T17:04:18 IST" duration-ms="899" status="PASS">
          <reporter-output>
          </reporter-output>
        </test-method> <!-- TearDown -->
      </class> <!-- LoginPage -->
    </test> <!-- Default test -->
  </suite> <!-- Default suite -->
</testng-results>
